C:\USERS\ASHU0427\DOCUMENTS\VISUAL STUDIO 2012\PROJECTS\PRJ3\PRJ3\DEBUG\LINKEDLIST.OBJ
C:\USERS\ASHU0427\DOCUMENTS\VISUAL STUDIO 2012\PROJECTS\PRJ3\PRJ3\DEBUG\LISTTEST.OBJ
C:\USERS\ASHU0427\DOCUMENTS\VISUAL STUDIO 2012\PROJECTS\PRJ3\PRJ3\DEBUG\VC110.PDB
C:\USERS\ASHU0427\DOCUMENTS\VISUAL STUDIO 2012\PROJECTS\PRJ3\DEBUG\PRJ3.ILK
C:\USERS\ASHU0427\DOCUMENTS\VISUAL STUDIO 2012\PROJECTS\PRJ3\DEBUG\PRJ3.EXE
C:\USERS\ASHU0427\DOCUMENTS\VISUAL STUDIO 2012\PROJECTS\PRJ3\DEBUG\PRJ3.PDB
C:\Users\ashu0427\documents\visual studio 2012\Projects\Prj3\Prj3\Debug\linkedlist.obj
C:\Users\ashu0427\documents\visual studio 2012\Projects\Prj3\Prj3\Debug\listtest.obj
C:\Users\ashu0427\documents\visual studio 2012\Projects\Prj3\Prj3\Debug\cl.command.1.tlog
C:\Users\ashu0427\documents\visual studio 2012\Projects\Prj3\Prj3\Debug\CL.read.1.tlog
C:\Users\ashu0427\documents\visual studio 2012\Projects\Prj3\Prj3\Debug\CL.write.1.tlog
C:\Users\ashu0427\documents\visual studio 2012\Projects\Prj3\Prj3\Debug\link-cvtres.read.1.tlog
C:\Users\ashu0427\documents\visual studio 2012\Projects\Prj3\Prj3\Debug\link-cvtres.write.1.tlog
C:\Users\ashu0427\documents\visual studio 2012\Projects\Prj3\Prj3\Debug\link-rc.read.1.tlog
C:\Users\ashu0427\documents\visual studio 2012\Projects\Prj3\Prj3\Debug\link-rc.write.1.tlog
C:\Users\ashu0427\documents\visual studio 2012\Projects\Prj3\Prj3\Debug\link.command.1.tlog
C:\Users\ashu0427\documents\visual studio 2012\Projects\Prj3\Prj3\Debug\link.read.1.tlog
C:\Users\ashu0427\documents\visual studio 2012\Projects\Prj3\Prj3\Debug\link.write.1.tlog
C:\Users\ashu0427\documents\visual studio 2012\Projects\Prj3\Prj3\Debug\vc110.idb
C:\Users\ashu0427\documents\visual studio 2012\Projects\Prj3\Prj3\Debug\vc110.pdb
C:\Users\ashu0427\documents\visual studio 2012\Projects\Prj3\Debug\Prj3.pdb
C:\Users\ashu0427\documents\visual studio 2012\Projects\Prj3\Debug\Prj3.exe
C:\Users\ashu0427\documents\visual studio 2012\Projects\Prj3\Debug\Prj3.ilk
